[2023-09-25 13:49:57,460: INFO: main: welcome to our custom logging]
[2023-09-25 13:50:09,569: INFO: main: welcome to our custom logging]
[2023-09-25 13:50:18,833: INFO: main: welcome to our custom logging]
[2023-09-25 16:48:15,962: INFO: common: yaml file: config/config.yaml loaded successfully]
[2023-09-25 16:48:15,965: INFO: common: yaml file: params.yaml loaded successfully]
[2023-09-25 16:49:11,402: INFO: common: yaml file: config/config.yaml loaded successfully]
[2023-09-25 16:49:11,404: INFO: common: yaml file: params.yaml loaded successfully]
[2023-09-25 16:49:11,407: INFO: common: yaml file: schema.yaml loaded successfully]
[2023-09-25 16:49:11,408: INFO: common: created directory at: artifacts]
[2023-09-25 16:49:11,409: INFO: common: created directory at: artifacts/data_ingestion]
[2023-09-25 16:51:16,526: INFO: common: yaml file: config/config.yaml loaded successfully]
[2023-09-25 16:51:16,529: INFO: common: yaml file: params.yaml loaded successfully]
[2023-09-25 16:51:16,531: INFO: common: yaml file: schema.yaml loaded successfully]
[2023-09-25 16:51:16,532: INFO: common: created directory at: artifacts]
[2023-09-25 16:51:16,533: INFO: common: created directory at: artifacts/data_ingestion]
[2023-09-25 16:53:51,345: INFO: common: yaml file: config/config.yaml loaded successfully]
[2023-09-25 16:53:51,346: INFO: common: yaml file: params.yaml loaded successfully]
[2023-09-25 16:53:51,348: INFO: common: yaml file: schema.yaml loaded successfully]
[2023-09-25 16:53:51,349: INFO: common: created directory at: artifacts]
[2023-09-25 16:53:51,349: INFO: common: created directory at: artifacts/data_ingestion]
[2023-09-25 16:53:52,315: INFO: 214553537: artifacts/data_ingestion/data.zip download! with following info: 
Connection: close
Content-Length: 23329
Cache-Control: max-age=300
Content-Security-Policy: default-src 'none'; style-src 'unsafe-inline'; sandbox
Content-Type: application/zip
ETag: "c69888a4ae59bc5a893392785a938ccd4937981c06ba8a9d6a21aa52b4ab5b6e"
Strict-Transport-Security: max-age=31536000
X-Content-Type-Options: nosniff
X-Frame-Options: deny
X-XSS-Protection: 1; mode=block
X-GitHub-Request-Id: 2A06:2DB9:13F090:1862CE:65121D8E
Accept-Ranges: bytes
Date: Mon, 25 Sep 2023 23:53:52 GMT
Via: 1.1 varnish
X-Served-By: cache-phx12423-PHX
X-Cache: MISS
X-Cache-Hits: 0
X-Timer: S1695686032.207171,VS0,VE124
Vary: Authorization,Accept-Encoding,Origin
Access-Control-Allow-Origin: *
Cross-Origin-Resource-Policy: cross-origin
X-Fastly-Request-ID: 9ed9c64f36956f41221a498ca6565956dbf20674
Expires: Mon, 25 Sep 2023 23:58:52 GMT
Source-Age: 0

]
[2023-09-25 17:17:13,303: INFO: main: >>>>>>> stage Data Ingestion Stage started <<<<<<<]
[2023-09-25 17:17:13,306: INFO: common: yaml file: config/config.yaml loaded successfully]
[2023-09-25 17:17:13,307: INFO: common: yaml file: params.yaml loaded successfully]
[2023-09-25 17:17:13,308: INFO: common: yaml file: schema.yaml loaded successfully]
[2023-09-25 17:17:13,308: INFO: common: created directory at: artifacts]
[2023-09-25 17:17:13,308: INFO: common: created directory at: artifacts/data_ingestion]
[2023-09-25 17:17:13,309: INFO: data_ingestion: File already exists of size: ~ 23 KB]
[2023-09-25 17:17:13,311: INFO: main: >>>>>>> stage Data Ingestion Stage completed <<<<<<<

X===============X]
